[debug] [2021-10-20T14:50:42.330Z] ----------------------------------------------------------------------
[debug] [2021-10-20T14:50:42.333Z] Command:       C:\Program Files\nodejs\node.exe C:\Users\user\AppData\Roaming\npm\node_modules\firebase-tools\lib\bin\firebase.js deploy
[debug] [2021-10-20T14:50:42.333Z] CLI Version:   9.20.0
[debug] [2021-10-20T14:50:42.333Z] Platform:      win32
[debug] [2021-10-20T14:50:42.333Z] Node Version:  v14.17.1
[debug] [2021-10-20T14:50:42.344Z] Time:          Wed Oct 20 2021 20:50:42 GMT+0600 (Bangladesh Standard Time)
[debug] [2021-10-20T14:50:42.345Z] ----------------------------------------------------------------------
[debug] 
[debug] [2021-10-20T14:50:42.417Z] > command requires scopes: ["email","openid","https://www.googleapis.com/auth/cloudplatformprojects.readonly","https://www.googleapis.com/auth/firebase","https://www.googleapis.com/auth/cloud-platform"]
[debug] [2021-10-20T14:50:42.417Z] > authorizing via signed-in user (nazrul.com200@gmail.com)
[debug] [2021-10-20T14:50:42.417Z] [iam] checking project health-care-web-5f18b for permissions ["firebase.projects.get","firebasehosting.sites.update"]
[debug] [2021-10-20T14:50:42.420Z] >>> HTTP REQUEST POST https://cloudresourcemanager.googleapis.com/v1/projects/health-care-web-5f18b:testIamPermissions  
 {"permissions":["firebase.projects.get","firebasehosting.sites.update"]}
[debug] [2021-10-20T14:50:44.144Z] <<< HTTP RESPONSE 200 {"content-type":"application/json; charset=UTF-8","vary":"X-Origin, Referer, Origin,Accept-Encoding","date":"Wed, 20 Oct 2021 14:50:44 GMT","server":"ESF","cache-control":"private","x-xss-protection":"0","x-frame-options":"SAMEORIGIN","x-content-type-options":"nosniff","server-timing":"gfet4t7; dur=1179","alt-svc":"h3=\":443\"; ma=2592000,h3-29=\":443\"; ma=2592000,h3-T051=\":443\"; ma=2592000,h3-Q050=\":443\"; ma=2592000,h3-Q046=\":443\"; ma=2592000,h3-Q043=\":443\"; ma=2592000,quic=\":443\"; ma=2592000; v=\"46,43\"","accept-ranges":"none","transfer-encoding":"chunked"}
[debug] [2021-10-20T14:50:44.147Z] > refreshing access token with scopes: []
[debug] [2021-10-20T14:50:44.147Z] >>> HTTP REQUEST POST https://www.googleapis.com/oauth2/v3/token  
 <request body omitted>
[debug] [2021-10-20T14:50:44.586Z] <<< HTTP RESPONSE 200 {"expires":"Mon, 01 Jan 1990 00:00:00 GMT","cache-control":"no-cache, no-store, max-age=0, must-revalidate","date":"Wed, 20 Oct 2021 14:50:44 GMT","pragma":"no-cache","content-type":"application/json; charset=utf-8","vary":"X-Origin, Referer, Origin,Accept-Encoding","server":"scaffolding on HTTPServer2","x-xss-protection":"0","x-frame-options":"SAMEORIGIN","x-content-type-options":"nosniff","alt-svc":"h3=\":443\"; ma=2592000,h3-29=\":443\"; ma=2592000,h3-Q050=\":443\"; ma=2592000,h3-Q046=\":443\"; ma=2592000,h3-Q043=\":443\"; ma=2592000","accept-ranges":"none","transfer-encoding":"chunked"}
[debug] [2021-10-20T14:50:44.620Z] >>> [apiv2][query] GET https://firebase.googleapis.com/v1beta1/projects/health-care-web-5f18b [none]
[debug] [2021-10-20T14:51:14.625Z] Timeout reached making request to https://firebase.googleapis.com/v1beta1/projects/health-care-web-5f18b
[debug] [2021-10-20T14:51:15.534Z] FirebaseError: Timeout reached making request to https://firebase.googleapis.com/v1beta1/projects/health-care-web-5f18b
    at Client.doRequest (C:\Users\user\AppData\Roaming\npm\node_modules\firebase-tools\lib\apiv2.js:209:23)
    at processTicksAndRejections (internal/process/task_queues.js:95:5)
    at async Client.request (C:\Users\user\AppData\Roaming\npm\node_modules\firebase-tools\lib\apiv2.js:96:20)
    at async Object.getFirebaseProject (C:\Users\user\AppData\Roaming\npm\node_modules\firebase-tools\lib\management\projects.js:290:21)
    at async Object.getDefaultHostingSite (C:\Users\user\AppData\Roaming\npm\node_modules\firebase-tools\lib\getDefaultHostingSite.js:8:21)
    at async requireHostingSite (C:\Users\user\AppData\Roaming\npm\node_modules\firebase-tools\lib\requireHostingSite.js:9:18)
    at async Object.fn (C:\Users\user\AppData\Roaming\npm\node_modules\firebase-tools\lib\commands\deploy.js:65:9)
    at async C:\Users\user\AppData\Roaming\npm\node_modules\firebase-tools\lib\command.js:188:17
[error] 
[error] Error: Failed to get Firebase project health-care-web-5f18b. Please make sure the project exists and your account has permission to access it.
